2019-09-25 15:08:27 INFO:Complete HYADES run for MEC_Zr in 11618.9 seconds
2019-09-25 15:08:29 INFO:Completed post processing for MEC_Zr variables: Pres, Rho, Te, Tr, Ti, U
2019-09-25 16:00:33 INFO:Complete HYADES run for MEC_Zr in 1344.2 seconds
2019-09-25 16:00:35 INFO:Completed post processing for MEC_Zr variables: Pres, Rho, Te, Tr, Ti, U
2019-09-26 10:42:38 INFO:Complete HYADES run for CH_Zr_FS in 8.2 seconds
2019-09-26 10:42:40 INFO:Completed post processing for CH_Zr_FS variables: Pres, Rho, Te, Tr, Ti, U
2019-09-26 11:42:13 INFO:Complete HYADES run for CH_Zr_FS_slow in 3473.2 seconds
2019-09-26 11:42:15 INFO:Completed post processing for CH_Zr_FS_slow variables: Pres, Rho, Te, Tr, Ti, U
2019-09-26 14:33:53 INFO:Complete HYADES run for CH_Zr_FS_75CH in 8.0 seconds
2019-09-26 14:33:55 INFO:Completed post processing for CH_Zr_FS_75CH variables: Pres, Rho, Te, Tr, Ti, U
2019-09-26 16:18:48 INFO:Complete HYADES run for CH_Zr_FS_50CH in 14.4 seconds
2019-09-26 16:18:50 INFO:Completed post processing for CH_Zr_FS_50CH variables: Pres, Rho, Te, Tr, Ti, U
2019-09-26 16:47:13 INFO:Complete HYADES run for CH_Zr_FS_50CH in 1353.2 seconds
2019-09-26 16:47:15 INFO:Completed post processing for CH_Zr_FS_50CH variables: Pres, Rho, Te, Tr, Ti, U
2019-09-26 17:37:24 INFO:Complete HYADES run for CH_Zr_FS_50CH in 13.4 seconds
2019-09-26 17:37:25 INFO:Completed post processing for CH_Zr_FS_50CH variables: Pres, Rho, Te, Tr, Ti, U
2019-09-26 17:39:52 INFO:Complete HYADES run for CH_Zr_FS_50CH in 13.9 seconds
2019-09-26 17:39:54 INFO:Completed post processing for CH_Zr_FS_50CH variables: Pres, Rho, Te, Tr, Ti, U
2019-09-26 17:44:25 INFO:Complete HYADES run for CH_Zr_FS_50CH in 13.7 seconds
2019-09-26 17:44:26 INFO:Completed post processing for CH_Zr_FS_50CH variables: Pres, Rho, Te, Tr, Ti, U
2019-09-26 17:47:04 INFO:Complete HYADES run for CH_Zr_FS_50CH in 14.9 seconds
2019-09-26 17:47:05 INFO:Completed post processing for CH_Zr_FS_50CH variables: Pres, Rho, Te, Tr, Ti, U
2019-09-26 17:49:12 INFO:Complete HYADES run for CH_Zr_FS_50CH in 15.7 seconds
2019-09-26 17:49:13 INFO:Completed post processing for CH_Zr_FS_50CH variables: Pres, Rho, Te, Tr, Ti, U
2019-09-26 17:52:10 INFO:Complete HYADES run for CH_Zr_FS_50CH in 14.2 seconds
2019-09-26 17:52:11 INFO:Completed post processing for CH_Zr_FS_50CH variables: Pres, Rho, Te, Tr, Ti, U
2019-09-26 17:55:05 INFO:Complete HYADES run for CH_Zr_FS_50CH in 14.1 seconds
2019-09-26 17:55:06 INFO:Completed post processing for CH_Zr_FS_50CH variables: Pres, Rho, Te, Tr, Ti, U
2019-09-26 18:00:46 INFO:Complete HYADES run for CH_Zr_FS_50CH in 14.8 seconds
2019-09-26 18:00:48 INFO:Completed post processing for CH_Zr_FS_50CH variables: Pres, Rho, Te, Tr, Ti, U
2019-09-26 18:05:26 INFO:Complete HYADES run for CH_Zr_FS_50CH in 6.9 seconds
2019-09-26 18:05:26 INFO:Completed post processing for CH_Zr_FS_50CH variables: Pres, Rho, Te, Tr, Ti, U
2019-09-30 07:22:58 INFO:Complete HYADES run for CH_Zr_FS_50CH in 6.8 seconds
2019-09-30 07:22:59 INFO:Completed post processing for CH_Zr_FS_50CH variables: Pres, Rho, Te, Tr, Ti, U
2019-09-30 11:39:19 INFO:Complete HYADES run for CH_Zr_FS_75CH_10ns in 4.4 seconds
2019-09-30 11:39:20 INFO:Completed post processing for CH_Zr_FS_75CH_10ns variables: Pres, Rho, Te, Tr, Ti, U
2019-09-30 11:39:25 INFO:Complete HYADES run for CH_Zr_FS_75CH_20ns in 5.1 seconds
2019-09-30 11:39:25 INFO:Completed post processing for CH_Zr_FS_75CH_20ns variables: Pres, Rho, Te, Tr, Ti, U
2019-10-01 12:10:11 INFO:Complete HYADES run for CH_Zr_LiF_50CH_10ns in 10.4 seconds
2019-10-01 12:10:11 INFO:Completed post processing for CH_Zr_LiF_50CH_10ns variables: Pres, Rho, Te, Tr, Ti, U
2019-10-01 12:10:59 INFO:Complete HYADES run for CH_Zr_LiF_50CH_10ns in 9.1 seconds
2019-10-01 12:11:00 INFO:Completed post processing for CH_Zr_LiF_50CH_10ns variables: Pres, Rho, Te, Tr, Ti, U
2019-10-01 12:13:42 INFO:Complete HYADES run for CH_Zr_LiF_10ns in 8.9 seconds
2019-10-01 12:13:42 INFO:Completed post processing for CH_Zr_LiF_10ns variables: Pres, Rho, Te, Tr, Ti, U
2019-10-01 12:14:44 INFO:Complete HYADES run for CH_Zr_LiF_10ns in 12.7 seconds
2019-10-01 12:14:44 INFO:Completed post processing for CH_Zr_LiF_10ns variables: Pres, Rho, Te, Tr, Ti, U
2019-10-07 06:44:05 INFO:Complete HYADES run for 37um_CH_FeSi_LiF_10ns in 12.1 seconds
2019-10-07 06:44:05 INFO:Completed post processing for 37um_CH_FeSi_LiF_10ns variables: Pres, Rho, Te, Tr, Ti, U
2019-10-07 06:44:16 INFO:Complete HYADES run for 37um_CH_FeSi_LiF_5ns in 10.7 seconds
2019-10-07 06:44:16 INFO:Completed post processing for 37um_CH_FeSi_LiF_5ns variables: Pres, Rho, Te, Tr, Ti, U
2019-10-07 06:44:27 INFO:Complete HYADES run for CH_FeSi_LiF_10ns in 10.8 seconds
2019-10-07 06:44:28 INFO:Completed post processing for CH_FeSi_LiF_10ns variables: Pres, Rho, Te, Tr, Ti, U
2019-10-07 06:44:38 INFO:Complete HYADES run for CH_FeSi_LiF_5ns in 9.9 seconds
2019-10-07 06:44:38 INFO:Completed post processing for CH_FeSi_LiF_5ns variables: Pres, Rho, Te, Tr, Ti, U
2019-10-07 06:50:10 INFO:Complete HYADES run for 37um_CH_FeSi_LiF_10ns in 11.3 seconds
2019-10-07 06:50:11 INFO:Completed post processing for 37um_CH_FeSi_LiF_10ns variables: Pres, Rho, Te, Tr, Ti, U
2019-10-07 06:50:23 INFO:Complete HYADES run for 37um_CH_FeSi_LiF_5ns in 12.5 seconds
2019-10-07 06:50:23 INFO:Completed post processing for 37um_CH_FeSi_LiF_5ns variables: Pres, Rho, Te, Tr, Ti, U
2019-10-07 06:50:33 INFO:Complete HYADES run for CH_FeSi_LiF_10ns in 9.7 seconds
2019-10-07 06:50:33 INFO:Completed post processing for CH_FeSi_LiF_10ns variables: Pres, Rho, Te, Tr, Ti, U
2019-10-07 06:50:43 INFO:Complete HYADES run for CH_FeSi_LiF_5ns in 9.3 seconds
2019-10-07 06:50:43 INFO:Completed post processing for CH_FeSi_LiF_5ns variables: Pres, Rho, Te, Tr, Ti, U
2019-10-07 06:55:04 INFO:Complete HYADES run for 37um_CH_FeSi_LiF_10ns in 11.3 seconds
2019-10-07 06:55:04 INFO:Completed post processing for 37um_CH_FeSi_LiF_10ns variables: Pres, Rho, Te, Tr, Ti, U
2019-10-07 06:55:16 INFO:Complete HYADES run for 37um_CH_FeSi_LiF_5ns in 12.3 seconds
2019-10-07 06:55:17 INFO:Completed post processing for 37um_CH_FeSi_LiF_5ns variables: Pres, Rho, Te, Tr, Ti, U
2019-10-07 06:55:27 INFO:Complete HYADES run for CH_FeSi_LiF_10ns in 9.7 seconds
2019-10-07 06:55:27 INFO:Completed post processing for CH_FeSi_LiF_10ns variables: Pres, Rho, Te, Tr, Ti, U
2019-10-07 06:55:36 INFO:Complete HYADES run for CH_FeSi_LiF_5ns in 9.2 seconds
2019-10-07 06:55:37 INFO:Completed post processing for CH_FeSi_LiF_5ns variables: Pres, Rho, Te, Tr, Ti, U
2019-10-07 06:57:22 INFO:Complete HYADES run for 37um_CH_FeSi_LiF_10ns in 12.7 seconds
2019-10-07 06:57:23 INFO:Completed post processing for 37um_CH_FeSi_LiF_10ns variables: Pres, Rho, Te, Tr, Ti, U
2019-10-07 06:57:35 INFO:Complete HYADES run for 37um_CH_FeSi_LiF_5ns in 11.9 seconds
2019-10-07 06:57:35 INFO:Completed post processing for 37um_CH_FeSi_LiF_5ns variables: Pres, Rho, Te, Tr, Ti, U
2019-10-07 06:57:48 INFO:Complete HYADES run for CH_FeSi_LiF_10ns in 12.2 seconds
2019-10-07 06:57:48 INFO:Completed post processing for CH_FeSi_LiF_10ns variables: Pres, Rho, Te, Tr, Ti, U
2019-10-07 06:58:00 INFO:Complete HYADES run for CH_FeSi_LiF_5ns in 12.0 seconds
2019-10-07 06:58:01 INFO:Completed post processing for CH_FeSi_LiF_5ns variables: Pres, Rho, Te, Tr, Ti, U
2020-01-27 09:54:35 INFO:Complete HYADES run for Diamond_Ramp in 4.2 seconds
2020-01-27 09:54:35 INFO:Completed post processing for Diamond_Ramp variables: Pres, Rho, Te, Tr, Ti, U, sd1
2020-01-27 09:59:19 INFO:Complete HYADES run for test in 3.2 seconds
2020-01-27 09:59:19 INFO:Completed post processing for test variables: Pres, Rho, Te, Tr, Ti, U, sd1
2020-01-27 10:00:51 INFO:Complete HYADES run for test in 3.0 seconds
2020-01-27 10:00:51 INFO:Completed post processing for test variables: Pres, Rho, Te, Tr, Ti, U, sd1
2020-01-27 10:24:20 INFO:Complete HYADES run for test in 3.2 seconds
2020-01-27 10:24:20 INFO:Completed post processing for test variables: Pres, Rho, Te, Tr, Ti, U, sd1
2020-01-27 10:38:35 INFO:Complete HYADES run for test in 3.2 seconds
2020-01-27 10:38:35 INFO:Completed post processing for test variables: Pres, Rho, Te, Tr, Ti, U, sd1
2020-01-27 10:40:37 INFO:Complete HYADES run for test in 3.2 seconds
2020-01-27 10:40:37 INFO:Completed post processing for test variables: Pres, Rho, Te, Tr, Ti, U, sd1
2020-01-27 10:41:33 INFO:Complete HYADES run for test in 1.7 seconds
2020-01-27 10:41:34 INFO:Completed post processing for test variables: Pres, Rho, Te, Tr, Ti, U, sd1
2020-01-27 10:43:58 INFO:Complete HYADES run for Diamond_Ramp in 4.2 seconds
2020-01-27 10:43:58 INFO:Completed post processing for Diamond_Ramp variables: Pres, Rho, Te, Tr, Ti, U, sd1
2020-01-27 10:44:38 INFO:Complete HYADES run for Diamond_Ramp in 2.6 seconds
2020-01-27 10:44:39 INFO:Completed post processing for Diamond_Ramp variables: Pres, Rho, Te, Tr, Ti, U, sd1
2020-01-27 10:50:19 INFO:Complete HYADES run for Diamond_Ramp in 2.9 seconds
2020-01-27 10:50:19 INFO:Completed post processing for Diamond_Ramp variables: Pres, Rho, Te, Tr, Ti, U, sd1
2020-01-27 10:55:11 INFO:Complete HYADES run for Diamond_Ramp in 2.5 seconds
2020-01-27 10:55:11 INFO:Completed post processing for Diamond_Ramp variables: Pres, Rho, Te, Tr, Ti, U, sd1
2020-01-27 11:02:48 INFO:Complete HYADES run for Diamond_Ramp in 2.5 seconds
2020-01-27 11:02:48 INFO:Completed post processing for Diamond_Ramp variables: Pres, Rho, Te, Tr, Ti, U, sd1
2021-02-17 18:04:38 INFO:Complete HYADES run for testing1 in 23.5 seconds
2021-02-17 18:04:38 INFO:Completed post processing for testing1 variables: Pres, Rho, Te, Tr, Ti, U, sd1
2021-02-17 18:12:04 INFO:Complete HYADES run for testing1 in 19.8 seconds
2021-02-17 18:12:04 INFO:Completed post processing for testing1 variables: Pres, Rho, Te, Tr, Ti, U, sd1
2021-02-17 18:16:01 INFO:Complete HYADES run for testing1 in 14.1 seconds
2021-02-17 20:01:43 INFO:Complete HYADES run for testing1 in 18.2 seconds
2021-02-17 20:04:02 INFO:Complete HYADES run for testing1 in 18.2 seconds
2021-02-17 20:04:04 INFO:Completed post processing for testing1 variables: Pres, Rho, Te, Tr, Ti, U, sd1
2021-02-17 20:49:57 INFO:Complete HYADES run for testing1 in 16.4 seconds
2021-02-17 20:49:57 INFO:Completed post processing for testing1 variables: Pres, Rho, Te, Tr, Ti, U, sd1
2021-02-17 20:53:41 INFO:Complete HYADES run for testing1 in 15.8 seconds
2021-02-17 20:53:45 INFO:Completed post processing for testing1 variables: Pres, Rho, Te, Tr, Ti, U, sd1
2021-02-17 20:54:09 INFO:Complete HYADES run for testing2 in 13.6 seconds
2021-02-17 20:54:14 INFO:Completed post processing for testing2 variables: Pres, Rho, Te, Tr, Ti, U, sd1
2021-02-17 21:25:10 INFO:Complete HYADES run for sapphiretest2 in 0.2 seconds
2021-02-17 21:25:14 INFO:Completed post processing for sapphiretest2 variables: Pres, Rho, Te, Tr, Ti, U, sd1
2021-02-17 21:27:38 INFO:Complete HYADES run for sapphiretest2 in 18.7 seconds
2021-02-17 21:27:43 INFO:Completed post processing for sapphiretest2 variables: Pres, Rho, Te, Tr, Ti, U, sd1
2021-02-18 16:15:43 INFO:Complete HYADES run for saphhire150fast in 222.9 seconds
2021-02-18 16:15:48 INFO:Completed post processing for saphhire150fast variables: Pres, Rho, Te, Tr, Ti, U, sd1
2021-02-18 16:35:12 INFO:Complete HYADES run for saphhire150fast in 31.7 seconds
2021-02-18 16:35:17 INFO:Completed post processing for saphhire150fast variables: Pres, Rho, Te, Tr, Ti, U, sd1
2021-02-18 16:35:58 INFO:Complete HYADES run for sapphire75fast in 30.5 seconds
2021-02-18 16:36:03 INFO:Completed post processing for sapphire75fast variables: Pres, Rho, Te, Tr, Ti, U, sd1
2021-02-19 10:59:04 INFO:Complete HYADES run for sapoptimfast_045 in 59.2 seconds
2021-02-19 10:59:09 INFO:Completed post processing for sapoptimfast_045 variables: Pres, Rho, Te, Tr, Ti, U, sd1
2021-02-19 20:44:22 INFO:Complete HYADES run for ex9 in 5.2 seconds
2021-02-19 20:44:27 INFO:Completed post processing for ex9 variables: Pres, Rho, Te, Tr, Ti, U, sd1
2021-02-22 11:24:16 INFO:Complete HYADES run for sapphire2222021_055 in 51.1 seconds
2021-02-22 11:24:20 INFO:Completed post processing for sapphire2222021_055 variables: Pres, Rho, Te, Tr, Ti, U, sd1
2021-02-22 16:31:31 INFO:Complete HYADES run for Sapphire75_222021 in 5482.7 seconds
2021-02-22 16:31:36 INFO:Completed post processing for Sapphire75_222021 variables: Pres, Rho, Te, Tr, Ti, U, sd1
2021-02-23 20:03:05 INFO:Complete HYADES run for tylerNew2232021NoOptim in 61.0 seconds
2021-02-23 20:03:11 INFO:Completed post processing for tylerNew2232021NoOptim variables: Pres, Rho, Te, Tr, Ti, U, sd1
2021-03-10 10:53:45 INFO:Complete HYADES run for CleanedagainVinay352021_000 in 88.2 seconds
2021-03-10 10:53:51 INFO:Completed post processing for CleanedagainVinay352021_000 variables: Pres, Rho, Te, Tr, Ti, U, sd1
